[debug] [2020-11-06T20:53:35.386Z] ----------------------------------------------------------------------
[debug] [2020-11-06T20:53:35.388Z] Command:       /usr/local/bin/node /usr/local/bin/firebase serve
[debug] [2020-11-06T20:53:35.388Z] CLI Version:   8.15.1
[debug] [2020-11-06T20:53:35.388Z] Platform:      darwin
[debug] [2020-11-06T20:53:35.388Z] Node Version:  v12.17.0
[debug] [2020-11-06T20:53:35.389Z] Time:          Fri Nov 06 2020 12:53:35 GMT-0800 (Pacific Standard Time)
[debug] [2020-11-06T20:53:35.389Z] ----------------------------------------------------------------------
[debug] [2020-11-06T20:53:35.389Z] 
[debug] [2020-11-06T20:53:35.396Z] > command requires scopes: ["email","openid","https://www.googleapis.com/auth/cloudplatformprojects.readonly","https://www.googleapis.com/auth/firebase","https://www.googleapis.com/auth/cloud-platform"]
[debug] [2020-11-06T20:53:35.396Z] > authorizing via signed-in user
[debug] [2020-11-06T20:53:35.397Z] [iam] checking project musicgram-bbb50 for permissions ["firebase.projects.get"]
[debug] [2020-11-06T20:53:35.399Z] >>> HTTP REQUEST POST https://cloudresourcemanager.googleapis.com/v1/projects/musicgram-bbb50:testIamPermissions  
 {"permissions":["firebase.projects.get"]}
[debug] [2020-11-06T20:53:35.527Z] <<< HTTP RESPONSE 200 {"content-type":"application/json; charset=UTF-8","vary":"X-Origin, Referer, Origin,Accept-Encoding","date":"Fri, 06 Nov 2020 20:53:35 GMT","server":"ESF","cache-control":"private","x-xss-protection":"0","x-frame-options":"SAMEORIGIN","x-content-type-options":"nosniff","server-timing":"gfet4t7; dur=38","alt-svc":"h3-Q050=\":443\"; ma=2592000,h3-29=\":443\"; ma=2592000,h3-T051=\":443\"; ma=2592000,h3-T050=\":443\"; ma=2592000,h3-Q046=\":443\"; ma=2592000,h3-Q043=\":443\"; ma=2592000,quic=\":443\"; ma=2592000; v=\"46,43\"","accept-ranges":"none","transfer-encoding":"chunked"}
[debug] [2020-11-06T20:53:35.528Z] >>> HTTP REQUEST GET https://firebase.googleapis.com/v1beta1/projects/musicgram-bbb50  
 
[debug] [2020-11-06T20:53:35.711Z] <<< HTTP RESPONSE 200 {"content-type":"application/json; charset=UTF-8","vary":"X-Origin, Referer, Origin,Accept-Encoding","date":"Fri, 06 Nov 2020 20:53:35 GMT","server":"ESF","cache-control":"private","x-xss-protection":"0","x-frame-options":"SAMEORIGIN","x-content-type-options":"nosniff","alt-svc":"h3-Q050=\":443\"; ma=2592000,h3-29=\":443\"; ma=2592000,h3-T051=\":443\"; ma=2592000,h3-T050=\":443\"; ma=2592000,h3-Q046=\":443\"; ma=2592000,h3-Q043=\":443\"; ma=2592000,quic=\":443\"; ma=2592000; v=\"46,43\"","accept-ranges":"none","transfer-encoding":"chunked"}
[info] 
[info] === Serving from '/Users/ray/Desktop/ReviewReact/music_gram'...
[info] 
[info] ✔  functions: Using node@12 from host. {"metadata":{"emulator":{"name":"functions"},"message":"Using node@12 from host."}}
[debug] [2020-11-06T20:53:35.724Z] defaultcredentials: writing to file /Users/ray/.config/firebase/chinoromero213_gmail_com_application_default_credentials.json
[debug] [2020-11-06T20:53:35.725Z] Setting GAC to /Users/ray/.config/firebase/chinoromero213_gmail_com_application_default_credentials.json {"metadata":{"emulator":{"name":"functions"},"message":"Setting GAC to /Users/ray/.config/firebase/chinoromero213_gmail_com_application_default_credentials.json"}}
[info] i  functions: Watching "/Users/ray/Desktop/ReviewReact/music_gram/functions" for Cloud Functions... {"metadata":{"emulator":{"name":"functions"},"message":"Watching \"/Users/ray/Desktop/ReviewReact/music_gram/functions\" for Cloud Functions..."}}
[debug] [2020-11-06T20:53:35.739Z] [worker-pool] addWorker(~diagnostic~) {"metadata":{"emulator":{"name":"functions"},"message":"[worker-pool] addWorker(~diagnostic~)"}}
[debug] [2020-11-06T20:53:35.739Z] [worker-pool] Adding worker with key ~diagnostic~, total=1 {"metadata":{"emulator":{"name":"functions"},"message":"[worker-pool] Adding worker with key ~diagnostic~, total=1"}}
[debug] [2020-11-06T20:53:35.740Z] [worker-pool] submitWork(triggerId=) {"metadata":{"emulator":{"name":"functions"},"message":"[worker-pool] submitWork(triggerId=)"}}
[debug] [2020-11-06T20:53:35.740Z] [worker-~diagnostic~-170c89b8-280e-45aa-9280-24de663c4091]: Assigning socketPath: /var/folders/ch/2x9nqz0n26qbj_mp2lyv7k2r0000gn/T/fire_emu_7530.sock {"metadata":{"emulator":{"name":"functions"},"message":"[worker-~diagnostic~-170c89b8-280e-45aa-9280-24de663c4091]: Assigning socketPath: /var/folders/ch/2x9nqz0n26qbj_mp2lyv7k2r0000gn/T/fire_emu_7530.sock"}}
[debug] [2020-11-06T20:53:35.740Z] [worker-~diagnostic~-170c89b8-280e-45aa-9280-24de663c4091]: BUSY {"metadata":{"emulator":{"name":"functions"},"message":"[worker-~diagnostic~-170c89b8-280e-45aa-9280-24de663c4091]: BUSY"}}
[debug] [2020-11-06T20:53:35.978Z] [runtime-status] [7530] Functions runtime initialized. {"cwd":"/Users/ray/Desktop/ReviewReact/music_gram/functions","node_version":"12.17.0"} {"metadata":{"emulator":{"name":"functions"},"message":"[runtime-status] [7530] Functions runtime initialized. {\"cwd\":\"/Users/ray/Desktop/ReviewReact/music_gram/functions\",\"node_version\":\"12.17.0\"}"}}
[debug] [2020-11-06T20:53:35.978Z] [runtime-status] [7530] Disabled runtime features: undefined {"metadata":{"emulator":{"name":"functions"},"message":"[runtime-status] [7530] Disabled runtime features: undefined"}}
[debug] [2020-11-06T20:53:35.980Z] [runtime-status] [7530] Resolved module firebase-admin {"declared":true,"installed":true,"version":"9.3.0","resolution":"/Users/ray/Desktop/ReviewReact/music_gram/functions/node_modules/firebase-admin/lib/index.js"} {"metadata":{"emulator":{"name":"functions"},"message":"[runtime-status] [7530] Resolved module firebase-admin {\"declared\":true,\"installed\":true,\"version\":\"9.3.0\",\"resolution\":\"/Users/ray/Desktop/ReviewReact/music_gram/functions/node_modules/firebase-admin/lib/index.js\"}"}}
[debug] [2020-11-06T20:53:35.981Z] [runtime-status] [7530] Resolved module firebase-functions {"declared":true,"installed":true,"version":"3.11.0","resolution":"/Users/ray/Desktop/ReviewReact/music_gram/functions/node_modules/firebase-functions/lib/index.js"} {"metadata":{"emulator":{"name":"functions"},"message":"[runtime-status] [7530] Resolved module firebase-functions {\"declared\":true,\"installed\":true,\"version\":\"3.11.0\",\"resolution\":\"/Users/ray/Desktop/ReviewReact/music_gram/functions/node_modules/firebase-functions/lib/index.js\"}"}}
[debug] [2020-11-06T20:53:35.982Z] [runtime-status] [7530] Resolved module firebase-functions {"declared":true,"installed":true,"version":"3.11.0","resolution":"/Users/ray/Desktop/ReviewReact/music_gram/functions/node_modules/firebase-functions/lib/index.js"} {"metadata":{"emulator":{"name":"functions"},"message":"[runtime-status] [7530] Resolved module firebase-functions {\"declared\":true,\"installed\":true,\"version\":\"3.11.0\",\"resolution\":\"/Users/ray/Desktop/ReviewReact/music_gram/functions/node_modules/firebase-functions/lib/index.js\"}"}}
[debug] [2020-11-06T20:53:35.983Z] [runtime-status] [7530] Outgoing network have been stubbed. [{"name":"http","status":"mocked"},{"name":"http","status":"mocked"},{"name":"https","status":"mocked"},{"name":"https","status":"mocked"},{"name":"net","status":"mocked"}] {"metadata":{"emulator":{"name":"functions"},"message":"[runtime-status] [7530] Outgoing network have been stubbed. [{\"name\":\"http\",\"status\":\"mocked\"},{\"name\":\"http\",\"status\":\"mocked\"},{\"name\":\"https\",\"status\":\"mocked\"},{\"name\":\"https\",\"status\":\"mocked\"},{\"name\":\"net\",\"status\":\"mocked\"}]"}}
[debug] [2020-11-06T20:53:35.983Z] [runtime-status] [7530] Resolved module firebase-functions {"declared":true,"installed":true,"version":"3.11.0","resolution":"/Users/ray/Desktop/ReviewReact/music_gram/functions/node_modules/firebase-functions/lib/index.js"} {"metadata":{"emulator":{"name":"functions"},"message":"[runtime-status] [7530] Resolved module firebase-functions {\"declared\":true,\"installed\":true,\"version\":\"3.11.0\",\"resolution\":\"/Users/ray/Desktop/ReviewReact/music_gram/functions/node_modules/firebase-functions/lib/index.js\"}"}}
[debug] [2020-11-06T20:53:36.012Z] [runtime-status] [7530] Checked functions.config() {"config":{}} {"metadata":{"emulator":{"name":"functions"},"message":"[runtime-status] [7530] Checked functions.config() {\"config\":{}}"}}
[debug] [2020-11-06T20:53:36.012Z] [runtime-status] [7530] firebase-functions has been stubbed. {"functionsResolution":{"declared":true,"installed":true,"version":"3.11.0","resolution":"/Users/ray/Desktop/ReviewReact/music_gram/functions/node_modules/firebase-functions/lib/index.js"}} {"metadata":{"emulator":{"name":"functions"},"message":"[runtime-status] [7530] firebase-functions has been stubbed. {\"functionsResolution\":{\"declared\":true,\"installed\":true,\"version\":\"3.11.0\",\"resolution\":\"/Users/ray/Desktop/ReviewReact/music_gram/functions/node_modules/firebase-functions/lib/index.js\"}}"}}
[debug] [2020-11-06T20:53:36.013Z] [runtime-status] [7530] Resolved module firebase-functions {"declared":true,"installed":true,"version":"3.11.0","resolution":"/Users/ray/Desktop/ReviewReact/music_gram/functions/node_modules/firebase-functions/lib/index.js"} {"metadata":{"emulator":{"name":"functions"},"message":"[runtime-status] [7530] Resolved module firebase-functions {\"declared\":true,\"installed\":true,\"version\":\"3.11.0\",\"resolution\":\"/Users/ray/Desktop/ReviewReact/music_gram/functions/node_modules/firebase-functions/lib/index.js\"}"}}
[debug] [2020-11-06T20:53:36.013Z] [runtime-status] [7530] Resolved module firebase-admin {"declared":true,"installed":true,"version":"9.3.0","resolution":"/Users/ray/Desktop/ReviewReact/music_gram/functions/node_modules/firebase-admin/lib/index.js"} {"metadata":{"emulator":{"name":"functions"},"message":"[runtime-status] [7530] Resolved module firebase-admin {\"declared\":true,\"installed\":true,\"version\":\"9.3.0\",\"resolution\":\"/Users/ray/Desktop/ReviewReact/music_gram/functions/node_modules/firebase-admin/lib/index.js\"}"}}
[debug] [2020-11-06T20:53:36.014Z] [runtime-status] [7530] Resolved module firebase-functions {"declared":true,"installed":true,"version":"3.11.0","resolution":"/Users/ray/Desktop/ReviewReact/music_gram/functions/node_modules/firebase-functions/lib/index.js"} {"metadata":{"emulator":{"name":"functions"},"message":"[runtime-status] [7530] Resolved module firebase-functions {\"declared\":true,\"installed\":true,\"version\":\"3.11.0\",\"resolution\":\"/Users/ray/Desktop/ReviewReact/music_gram/functions/node_modules/firebase-functions/lib/index.js\"}"}}
[debug] [2020-11-06T20:53:36.014Z] [runtime-status] [7530] firebase-admin has been stubbed. {"adminResolution":{"declared":true,"installed":true,"version":"9.3.0","resolution":"/Users/ray/Desktop/ReviewReact/music_gram/functions/node_modules/firebase-admin/lib/index.js"}} {"metadata":{"emulator":{"name":"functions"},"message":"[runtime-status] [7530] firebase-admin has been stubbed. {\"adminResolution\":{\"declared\":true,\"installed\":true,\"version\":\"9.3.0\",\"resolution\":\"/Users/ray/Desktop/ReviewReact/music_gram/functions/node_modules/firebase-admin/lib/index.js\"}}"}}
[debug] [2020-11-06T20:53:36.068Z] [runtime-status] [7530] initializeApp(DEFAULT) {"databaseURL":"https://musicgram-bbb50.firebaseio.com","storageBucket":"musicgram-bbb50.appspot.com","projectId":"musicgram-bbb50"} {"metadata":{"emulator":{"name":"functions"},"message":"[runtime-status] [7530] initializeApp(DEFAULT) {\"databaseURL\":\"https://musicgram-bbb50.firebaseio.com\",\"storageBucket\":\"musicgram-bbb50.appspot.com\",\"projectId\":\"musicgram-bbb50\"}"}}
[warn] ⚠  functions: The Cloud Firestore emulator is not running, so calls to Firestore will affect production. {"metadata":{"emulator":{"name":"functions"},"message":"The Cloud Firestore emulator is not running, so calls to Firestore will affect production."}}
[info] ✔  functions[api]: http function initialized (http://localhost:5000/musicgram-bbb50/us-central1/api). {"metadata":{"emulator":{"name":"functions"},"message":"\u001b[1mhttp\u001b[22m function initialized (http://localhost:5000/musicgram-bbb50/us-central1/api)."}}
[debug] [2020-11-06T20:53:36.356Z] [worker-~diagnostic~-170c89b8-280e-45aa-9280-24de663c4091]: IDLE {"metadata":{"emulator":{"name":"functions"},"message":"[worker-~diagnostic~-170c89b8-280e-45aa-9280-24de663c4091]: IDLE"}}
[debug] [2020-11-06T20:53:43.877Z] [work-queue] {"queueLength":1,"workRunningCount":0}
[debug] [2020-11-06T20:53:43.878Z] [work-queue] {"queueLength":0,"workRunningCount":1}
[debug] [2020-11-06T20:53:43.878Z] Accepted request POST /musicgram-bbb50/us-central1/api/signup --> api
[debug] [2020-11-06T20:53:43.882Z] [worker-pool] addWorker(api) {"metadata":{"emulator":{"name":"functions"},"message":"[worker-pool] addWorker(api)"}}
[debug] [2020-11-06T20:53:43.882Z] [worker-pool] Adding worker with key api, total=1 {"metadata":{"emulator":{"name":"functions"},"message":"[worker-pool] Adding worker with key api, total=1"}}
[debug] [2020-11-06T20:53:43.882Z] [worker-pool] submitWork(triggerId=api) {"metadata":{"emulator":{"name":"functions"},"message":"[worker-pool] submitWork(triggerId=api)"}}
[debug] [2020-11-06T20:53:43.883Z] [worker-api-4a4573f3-9a46-437c-a2b7-831374475938]: Assigning socketPath: /var/folders/ch/2x9nqz0n26qbj_mp2lyv7k2r0000gn/T/fire_emu_7534.sock {"metadata":{"emulator":{"name":"functions"},"message":"[worker-api-4a4573f3-9a46-437c-a2b7-831374475938]: Assigning socketPath: /var/folders/ch/2x9nqz0n26qbj_mp2lyv7k2r0000gn/T/fire_emu_7534.sock"}}
[debug] [2020-11-06T20:53:43.883Z] [worker-api-4a4573f3-9a46-437c-a2b7-831374475938]: BUSY {"metadata":{"emulator":{"name":"functions"},"message":"[worker-api-4a4573f3-9a46-437c-a2b7-831374475938]: BUSY"}}
[debug] [2020-11-06T20:53:44.140Z] [runtime-status] [7534] Functions runtime initialized. {"cwd":"/Users/ray/Desktop/ReviewReact/music_gram/functions","node_version":"12.17.0"} {"metadata":{"emulator":{"name":"functions"},"function":{"name":"api"},"message":"[runtime-status] [7534] Functions runtime initialized. {\"cwd\":\"/Users/ray/Desktop/ReviewReact/music_gram/functions\",\"node_version\":\"12.17.0\"}"}}
[debug] [2020-11-06T20:53:44.141Z] [runtime-status] [7534] Disabled runtime features: undefined {"metadata":{"emulator":{"name":"functions"},"function":{"name":"api"},"message":"[runtime-status] [7534] Disabled runtime features: undefined"}}
[debug] [2020-11-06T20:53:44.144Z] [runtime-status] [7534] Resolved module firebase-admin {"declared":true,"installed":true,"version":"9.3.0","resolution":"/Users/ray/Desktop/ReviewReact/music_gram/functions/node_modules/firebase-admin/lib/index.js"} {"metadata":{"emulator":{"name":"functions"},"function":{"name":"api"},"message":"[runtime-status] [7534] Resolved module firebase-admin {\"declared\":true,\"installed\":true,\"version\":\"9.3.0\",\"resolution\":\"/Users/ray/Desktop/ReviewReact/music_gram/functions/node_modules/firebase-admin/lib/index.js\"}"}}
[debug] [2020-11-06T20:53:44.145Z] [runtime-status] [7534] Resolved module firebase-functions {"declared":true,"installed":true,"version":"3.11.0","resolution":"/Users/ray/Desktop/ReviewReact/music_gram/functions/node_modules/firebase-functions/lib/index.js"} {"metadata":{"emulator":{"name":"functions"},"function":{"name":"api"},"message":"[runtime-status] [7534] Resolved module firebase-functions {\"declared\":true,\"installed\":true,\"version\":\"3.11.0\",\"resolution\":\"/Users/ray/Desktop/ReviewReact/music_gram/functions/node_modules/firebase-functions/lib/index.js\"}"}}
[debug] [2020-11-06T20:53:44.145Z] [runtime-status] [7534] Resolved module firebase-functions {"declared":true,"installed":true,"version":"3.11.0","resolution":"/Users/ray/Desktop/ReviewReact/music_gram/functions/node_modules/firebase-functions/lib/index.js"} {"metadata":{"emulator":{"name":"functions"},"function":{"name":"api"},"message":"[runtime-status] [7534] Resolved module firebase-functions {\"declared\":true,\"installed\":true,\"version\":\"3.11.0\",\"resolution\":\"/Users/ray/Desktop/ReviewReact/music_gram/functions/node_modules/firebase-functions/lib/index.js\"}"}}
[debug] [2020-11-06T20:53:44.148Z] [runtime-status] [7534] Outgoing network have been stubbed. [{"name":"http","status":"mocked"},{"name":"http","status":"mocked"},{"name":"https","status":"mocked"},{"name":"https","status":"mocked"},{"name":"net","status":"mocked"}] {"metadata":{"emulator":{"name":"functions"},"function":{"name":"api"},"message":"[runtime-status] [7534] Outgoing network have been stubbed. [{\"name\":\"http\",\"status\":\"mocked\"},{\"name\":\"http\",\"status\":\"mocked\"},{\"name\":\"https\",\"status\":\"mocked\"},{\"name\":\"https\",\"status\":\"mocked\"},{\"name\":\"net\",\"status\":\"mocked\"}]"}}
[debug] [2020-11-06T20:53:44.148Z] [runtime-status] [7534] Resolved module firebase-functions {"declared":true,"installed":true,"version":"3.11.0","resolution":"/Users/ray/Desktop/ReviewReact/music_gram/functions/node_modules/firebase-functions/lib/index.js"} {"metadata":{"emulator":{"name":"functions"},"function":{"name":"api"},"message":"[runtime-status] [7534] Resolved module firebase-functions {\"declared\":true,\"installed\":true,\"version\":\"3.11.0\",\"resolution\":\"/Users/ray/Desktop/ReviewReact/music_gram/functions/node_modules/firebase-functions/lib/index.js\"}"}}
[debug] [2020-11-06T20:53:44.182Z] [runtime-status] [7534] Checked functions.config() {"config":{}} {"metadata":{"emulator":{"name":"functions"},"function":{"name":"api"},"message":"[runtime-status] [7534] Checked functions.config() {\"config\":{}}"}}
[debug] [2020-11-06T20:53:44.182Z] [runtime-status] [7534] firebase-functions has been stubbed. {"functionsResolution":{"declared":true,"installed":true,"version":"3.11.0","resolution":"/Users/ray/Desktop/ReviewReact/music_gram/functions/node_modules/firebase-functions/lib/index.js"}} {"metadata":{"emulator":{"name":"functions"},"function":{"name":"api"},"message":"[runtime-status] [7534] firebase-functions has been stubbed. {\"functionsResolution\":{\"declared\":true,\"installed\":true,\"version\":\"3.11.0\",\"resolution\":\"/Users/ray/Desktop/ReviewReact/music_gram/functions/node_modules/firebase-functions/lib/index.js\"}}"}}
[debug] [2020-11-06T20:53:44.183Z] [runtime-status] [7534] Resolved module firebase-functions {"declared":true,"installed":true,"version":"3.11.0","resolution":"/Users/ray/Desktop/ReviewReact/music_gram/functions/node_modules/firebase-functions/lib/index.js"} {"metadata":{"emulator":{"name":"functions"},"function":{"name":"api"},"message":"[runtime-status] [7534] Resolved module firebase-functions {\"declared\":true,\"installed\":true,\"version\":\"3.11.0\",\"resolution\":\"/Users/ray/Desktop/ReviewReact/music_gram/functions/node_modules/firebase-functions/lib/index.js\"}"}}
[debug] [2020-11-06T20:53:44.183Z] [runtime-status] [7534] Resolved module firebase-admin {"declared":true,"installed":true,"version":"9.3.0","resolution":"/Users/ray/Desktop/ReviewReact/music_gram/functions/node_modules/firebase-admin/lib/index.js"} {"metadata":{"emulator":{"name":"functions"},"function":{"name":"api"},"message":"[runtime-status] [7534] Resolved module firebase-admin {\"declared\":true,\"installed\":true,\"version\":\"9.3.0\",\"resolution\":\"/Users/ray/Desktop/ReviewReact/music_gram/functions/node_modules/firebase-admin/lib/index.js\"}"}}
[debug] [2020-11-06T20:53:44.183Z] [runtime-status] [7534] Resolved module firebase-functions {"declared":true,"installed":true,"version":"3.11.0","resolution":"/Users/ray/Desktop/ReviewReact/music_gram/functions/node_modules/firebase-functions/lib/index.js"} {"metadata":{"emulator":{"name":"functions"},"function":{"name":"api"},"message":"[runtime-status] [7534] Resolved module firebase-functions {\"declared\":true,\"installed\":true,\"version\":\"3.11.0\",\"resolution\":\"/Users/ray/Desktop/ReviewReact/music_gram/functions/node_modules/firebase-functions/lib/index.js\"}"}}
[debug] [2020-11-06T20:53:44.183Z] [runtime-status] [7534] firebase-admin has been stubbed. {"adminResolution":{"declared":true,"installed":true,"version":"9.3.0","resolution":"/Users/ray/Desktop/ReviewReact/music_gram/functions/node_modules/firebase-admin/lib/index.js"}} {"metadata":{"emulator":{"name":"functions"},"function":{"name":"api"},"message":"[runtime-status] [7534] firebase-admin has been stubbed. {\"adminResolution\":{\"declared\":true,\"installed\":true,\"version\":\"9.3.0\",\"resolution\":\"/Users/ray/Desktop/ReviewReact/music_gram/functions/node_modules/firebase-admin/lib/index.js\"}}"}}
[debug] [2020-11-06T20:53:44.244Z] [runtime-status] [7534] initializeApp(DEFAULT) {"databaseURL":"https://musicgram-bbb50.firebaseio.com","storageBucket":"musicgram-bbb50.appspot.com","projectId":"musicgram-bbb50"} {"metadata":{"emulator":{"name":"functions"},"function":{"name":"api"},"message":"[runtime-status] [7534] initializeApp(DEFAULT) {\"databaseURL\":\"https://musicgram-bbb50.firebaseio.com\",\"storageBucket\":\"musicgram-bbb50.appspot.com\",\"projectId\":\"musicgram-bbb50\"}"}}
[debug] [2020-11-06T20:53:44.556Z] [runtime-status] [7534] Trigger "api" has been found, beginning invocation! {"metadata":{"emulator":{"name":"functions"},"function":{"name":"api"},"message":"[runtime-status] [7534] Trigger \"api\" has been found, beginning invocation!"}}
[info] i  functions: Beginning execution of "api" {"metadata":{"emulator":{"name":"functions"},"function":{"name":"api"},"message":"Beginning execution of \"api\""}}
[debug] [2020-11-06T20:53:44.556Z] [runtime-status] [7534] triggerDefinition {"httpsTrigger":{},"name":"api","entryPoint":"api"} {"metadata":{"emulator":{"name":"functions"},"function":{"name":"api"},"message":"[runtime-status] [7534] triggerDefinition {\"httpsTrigger\":{},\"name\":\"api\",\"entryPoint\":\"api\"}"}}
[debug] [2020-11-06T20:53:44.557Z] [runtime-status] [7534] Running api in mode HTTPS {"metadata":{"emulator":{"name":"functions"},"function":{"name":"api"},"message":"[runtime-status] [7534] Running api in mode HTTPS"}}
[debug] [2020-11-06T20:53:44.559Z] [runtime-status] [7534] Attempting to listen to socketPath: /var/folders/ch/2x9nqz0n26qbj_mp2lyv7k2r0000gn/T/fire_emu_7534.sock {"metadata":{"emulator":{"name":"functions"},"function":{"name":"api"},"message":"[runtime-status] [7534] Attempting to listen to socketPath: /var/folders/ch/2x9nqz0n26qbj_mp2lyv7k2r0000gn/T/fire_emu_7534.sock"}}
[debug] [2020-11-06T20:53:44.562Z] [functions] Runtime ready! Sending request! {"metadata":{"emulator":{"name":"functions"},"message":"[functions] Runtime ready! Sending request!"}}
[debug] [2020-11-06T20:53:44.575Z] [runtime-status] [7534] Ephemeral server handling POST request {"metadata":{"emulator":{"name":"functions"},"function":{"name":"api"},"message":"[runtime-status] [7534] Ephemeral server handling POST request"}}
[debug] [2020-11-06T20:53:44.579Z] [runtime-status] [7534] Ephemeral server survived. {"metadata":{"emulator":{"name":"functions"},"function":{"name":"api"},"message":"[runtime-status] [7534] Ephemeral server survived."}}
[warn] ⚠  Google API requested!
   - URL: "https://oauth2.googleapis.com/token"
   - Be careful, this may be a production service. {"metadata":{"emulator":{"name":"functions"},"function":{"name":"api"},"message":"Google API requested!\n   - URL: \"https://oauth2.googleapis.com/token\"\n   - Be careful, this may be a production service."}}
[info] i  functions: Finished "api" in ~1s {"metadata":{"emulator":{"name":"functions"},"function":{"name":"api"},"message":"Finished \"api\" in ~1s"}}
[debug] [2020-11-06T20:53:46.369Z] [worker-api-4a4573f3-9a46-437c-a2b7-831374475938]: IDLE {"metadata":{"emulator":{"name":"functions"},"message":"[worker-api-4a4573f3-9a46-437c-a2b7-831374475938]: IDLE"}}
[debug] [2020-11-06T20:53:46.369Z] [work-queue] {"queueLength":0,"workRunningCount":0}
